2026-07-11 09:28:23 | INFO | system | BACKUP_CREATED | File: backup_auto_20260711_092823.db
2026-07-11 09:28:36 | INFO | admin | LOGIN | Successful login as admin
2026-07-11 09:46:58 | INFO | admin | LOGIN | Successful login as admin
2026-07-11 09:50:19 | INFO | admin | LOGIN | Successful login as admin
2026-07-11 10:06:39 | INFO | admin | LOGOUT | User admin logged out
2026-07-11 11:06:54 | INFO | admin | LOGIN | Successful login as admin
2026-07-11 11:17:15 | INFO | admin | LOGIN | Successful login as admin
2026-07-11 11:21:41 | INFO | admin | LOGIN | Successful login as admin
2026-07-11 11:33:09 | INFO | admin | LOGIN | Successful login as admin
2026-07-11 11:39:23 | INFO | admin | LOGIN | Successful login as admin
2026-07-11 11:44:41 | INFO | admin | LOGIN | Successful login as admin
2026-07-11 11:46:38 | INFO | admin | LOGIN | Successful login as admin
2026-07-12 11:36:52 | INFO | system | BACKUP_CREATED | File: backup_auto_20260712_113652.db
2026-07-12 11:37:09 | INFO | admin | LOGIN | Successful login as admin
2026-07-12 11:44:43 | INFO | admin | LOGIN | Successful login as admin
2026-07-12 11:50:02 | INFO | admin | LOGIN | Successful login as admin
2026-07-12 11:54:51 | INFO | admin | LOGIN | Successful login as admin
2026-07-12 12:01:00 | INFO | admin | LOGIN | Successful login as admin
2026-07-12 12:07:38 | INFO | admin | LOGIN | Successful login as admin
2026-07-12 12:11:24 | INFO | admin | LOGIN | Successful login as admin
2026-07-12 12:16:29 | INFO | admin | LOGIN | Successful login as admin
2026-07-12 12:29:16 | INFO | admin | EDIT_ADDRESS | ID: 3 | Office: एरियल डिलीवरी रिसर्च एंड डेवलपमेंट एस्टैब्लिशमेंट
2026-07-12 12:30:52 | INFO | admin | EDIT_ADDRESS | ID: 5 | Office: jhg
2026-07-12 13:11:53 | INFO | admin | LOGOUT | User admin logged out
2026-07-12 19:40:17 | INFO | admin | LOGIN | Successful login as admin
2026-07-12 19:47:54 | INFO | admin | LOGIN | Successful login as admin
2026-07-12 19:48:08 | INFO | admin | EDIT_ADDRESS | ID: 5 | Office: jhg
2026-07-12 19:48:35 | INFO | admin | EDIT_ADDRESS | ID: 5 | Office: jhg
2026-07-12 19:52:00 | INFO | admin | LOGIN | Successful login as admin
2026-07-12 19:52:05 | INFO | admin | EDIT_ADDRESS | ID: 5 | Office: jhg
2026-07-12 19:55:56 | INFO | admin | LOGIN | Successful login as admin
2026-07-12 20:02:49 | INFO | admin | LOGIN | Successful login as admin
2026-07-12 20:03:12 | INFO | admin | EDIT_ADDRESS | ID: 5 | Office: jhg
2026-07-12 20:09:07 | INFO | admin | LOGIN | Successful login as admin
2026-07-12 20:10:23 | INFO | admin | EDIT_ADDRESS | ID: 3 | Office: एरियल डिलीवरी रिसर्च एंड डेवलपमेंट एस्टैब्लिशमेंट
2026-07-12 20:16:21 | INFO | admin | LOGIN | Successful login as admin
2026-07-12 20:16:37 | INFO | admin | EDIT_ADDRESS | ID: 5 | Office: jhg
2026-07-12 20:17:05 | INFO | admin | EDIT_ADDRESS | ID: 5 | Office: jhg
2026-07-12 20:19:10 | INFO | admin | LOGIN | Successful login as admin
2026-07-12 20:19:22 | INFO | admin | EDIT_ADDRESS | ID: 5 | Office: jhg
2026-07-12 20:20:48 | INFO | admin | EDIT_ADDRESS | ID: 5 | Office: jhg
2026-07-12 20:20:48 | INFO | admin | EDIT_ADDRESS | ID: 4 | Office: heifu
2026-07-12 20:27:47 | INFO | admin | LOGIN | Successful login as admin
2026-07-12 20:28:02 | INFO | admin | EDIT_ADDRESS | ID: 5 | Office: jhg
2026-07-12 20:35:13 | INFO | admin | LOGIN | Successful login as admin
2026-07-12 20:35:23 | INFO | admin | EDIT_ADDRESS | ID: 5 | Office: jhg
2026-07-12 20:37:45 | INFO | admin | LOGIN | Successful login as admin
2026-07-12 20:37:56 | INFO | admin | EDIT_ADDRESS | ID: 5 | Office: jhg
2026-07-12 20:38:05 | INFO | admin | EDIT_ADDRESS | ID: 5 | Office: jhg
2026-07-12 20:39:43 | INFO | admin | LOGIN | Successful login as admin
2026-07-12 20:39:54 | INFO | admin | EDIT_ADDRESS | ID: 5 | Office: jhg
2026-07-12 20:40:51 | INFO | admin | EDIT_ADDRESS | ID: 5 | Office: jhg
2026-07-12 20:40:51 | INFO | admin | EDIT_ADDRESS | ID: 4 | Office: heifu
2026-07-12 20:43:28 | INFO | admin | LOGIN | Successful login as admin
2026-07-12 20:43:35 | INFO | admin | EDIT_ADDRESS | ID: 5 | Office: jhg
2026-07-12 20:44:03 | INFO | admin | EDIT_ADDRESS | ID: 5 | Office: jhg
2026-07-12 20:44:03 | INFO | admin | EDIT_ADDRESS | ID: 4 | Office: heifu
2026-07-12 20:51:23 | INFO | admin | LOGIN | Successful login as admin
2026-07-12 20:51:29 | INFO | admin | EDIT_ADDRESS | ID: 5 | Office: jhg
2026-07-12 20:52:06 | INFO | admin | EDIT_ADDRESS | ID: 5 | Office: jhg
2026-07-12 20:52:06 | INFO | admin | EDIT_ADDRESS | ID: 4 | Office: heifu
2026-07-12 20:55:37 | INFO | admin | LOGIN | Successful login as admin
2026-07-12 20:58:04 | INFO | admin | LOGIN | Successful login as admin
2026-07-12 21:00:02 | INFO | admin | LOGIN | Successful login as admin
2026-07-12 21:02:23 | INFO | admin | LOGIN | Successful login as admin
2026-07-12 21:09:29 | INFO | admin | LOGIN | Successful login as admin
2026-07-12 21:11:34 | INFO | admin | LOGIN | Successful login as admin
2026-07-12 21:12:26 | INFO | admin | EDIT_ADDRESS | ID: 5 | Office: jhg
